
> vibe-generated-app@1.0.0 dev
> vite


  VITE v5.4.20  ready in 266 ms

  ➜  Local:   http://localhost:3000/
  ➜  Network: http://172.20.16.32:3000/
8:07:10 PM [vite] warning: The character ">" is not valid inside a JSX element
86 |                    <div className="relative">
87 |                      <div className="absolute inset-0 bg-[radial-gradient(75%_100%_at_20%_20%,#079BA3_0%,#46D6DE_34%,#CEF9FF_100%)]" />
88 |                      <div className="absolute bottom-4 left-4 right-4 text-white/95 font-semibold drop-shadow">“Spontaneous city picnics > planned brunches”</div>
   |                                                                                                                                            ^
89 |                    </div>
90 |                    <div className="relative p-4 bg-white/80 backdrop-blur">

  Plugin: vite:esbuild
  File: /home/workspace/src/components/Hero.jsx
8:07:11 PM [vite] ✨ new dependencies optimized: framer-motion, @splinetool/react-spline
8:07:11 PM [vite] ✨ optimized dependencies changed. reloading
8:07:11 PM [vite] warning: The character ">" is not valid inside a JSX element
86 |                    <div className="relative">
87 |                      <div className="absolute inset-0 bg-[radial-gradient(75%_100%_at_20%_20%,#079BA3_0%,#46D6DE_34%,#CEF9FF_100%)]" />
88 |                      <div className="absolute bottom-4 left-4 right-4 text-white/95 font-semibold drop-shadow">“Spontaneous city picnics > planned brunches”</div>
   |                                                                                                                                            ^
89 |                    </div>
90 |                    <div className="relative p-4 bg-white/80 backdrop-blur">

  Plugin: vite:esbuild
  File: /home/workspace/src/components/Hero.jsx
The file does not exist at "/home/workspace/node_modules/.vite/deps/chunk-I4MZPW7S.js?v=35394813" which is in the optimize deps directory. The dependency might be incompatible with the dep optimizer. Try adding it to `optimizeDeps.exclude`.
